2020-10-03 13:12:00.9522|20102|ERROR|Microsoft.EntityFrameworkCore.Database.Command|Failed executing DbCommand (6ms) [Parameters=[], CommandType='Text', CommandTimeout='30']
ALTER TABLE [CommentEntity] ADD CONSTRAINT [FK_CommentEntity_CommentEntity_ReplyToCommentId] FOREIGN KEY ([ReplyToCommentId]) REFERENCES [CommentEntity] ([Id]) ON DELETE CASCADE; |url: |action: 
2020-10-03 13:12:01.0123||ERROR|MyAppApi.Program|An error occured while migrating the database. Microsoft.Data.SqlClient.SqlException (0x80131904): Introducing FOREIGN KEY constraint 'FK_CommentEntity_CommentEntity_ReplyToCommentId' on table 'CommentEntity' may cause cycles or multiple cascade paths. Specify ON DELETE NO ACTION or ON UPDATE NO ACTION, or modify other FOREIGN KEY constraints.
Could not create constraint or index. See previous errors.
   at Microsoft.Data.SqlClient.SqlConnection.OnError(SqlException exception, Boolean breakConnection, Action`1 wrapCloseInAction)
   at Microsoft.Data.SqlClient.SqlInternalConnection.OnError(SqlException exception, Boolean breakConnection, Action`1 wrapCloseInAction)
   at Microsoft.Data.SqlClient.TdsParser.ThrowExceptionAndWarning(TdsParserStateObject stateObj, Boolean callerHasConnectionLock, Boolean asyncClose)
   at Microsoft.Data.SqlClient.TdsParser.TryRun(RunBehavior runBehavior, SqlCommand cmdHandler, SqlDataReader dataStream, BulkCopySimpleResultSet bulkCopyHandler, TdsParserStateObject stateObj, Boolean& dataReady)
   at Microsoft.Data.SqlClient.SqlCommand.RunExecuteNonQueryTds(String methodName, Boolean isAsync, Int32 timeout, Boolean asyncWrite)
   at Microsoft.Data.SqlClient.SqlCommand.InternalExecuteNonQuery(TaskCompletionSource`1 completion, Boolean sendToPipe, Int32 timeout, Boolean& usedCache, Boolean asyncWrite, Boolean inRetry, String methodName)
   at Microsoft.Data.SqlClient.SqlCommand.ExecuteNonQuery()
   at Microsoft.EntityFrameworkCore.Storage.RelationalCommand.ExecuteNonQuery(RelationalCommandParameterObject parameterObject)
   at Microsoft.EntityFrameworkCore.Migrations.MigrationCommand.ExecuteNonQuery(IRelationalConnection connection, IReadOnlyDictionary`2 parameterValues)
   at Microsoft.EntityFrameworkCore.Migrations.Internal.MigrationCommandExecutor.ExecuteNonQuery(IEnumerable`1 migrationCommands, IRelationalConnection connection)
   at Microsoft.EntityFrameworkCore.Migrations.Internal.Migrator.Migrate(String targetMigration)
   at Microsoft.EntityFrameworkCore.RelationalDatabaseFacadeExtensions.Migrate(DatabaseFacade databaseFacade)
   at MyAppApi.Program.Main(String[] args) in C:\Code\Projects\MyAppAPI\Program.cs:line 33
ClientConnectionId:4ef7dc81-b394-402d-9d69-9ad5e50ee926
Error Number:1785,State:0,Class:16|url: |action: 
2020-10-03 15:37:05.9917|20102|ERROR|Microsoft.EntityFrameworkCore.Database.Command|Failed executing DbCommand (14ms) [Parameters=[], CommandType='Text', CommandTimeout='30']
ALTER TABLE [CommentEntity] ADD CONSTRAINT [FK_CommentEntity_CommentEntity_ReplyToCommentId] FOREIGN KEY ([ReplyToCommentId]) REFERENCES [CommentEntity] ([Id]) ON DELETE CASCADE; |url: |action: 
2020-10-03 15:45:13.8967|10612|WARN|Microsoft.EntityFrameworkCore.Model|Navigations 'CommentEntity.Response' and 'ReplyEntity.WithComment' were separated into two relationships as [ForeignKey] attribute was specified on navigations on both sides. |url: |action: 
2020-10-03 15:46:30.9484|10612|WARN|Microsoft.EntityFrameworkCore.Model|Navigations 'CommentEntity.Response' and 'ReplyEntity.WithComment' were separated into two relationships as [ForeignKey] attribute was specified on navigations on both sides. |url: |action: 
2020-10-03 15:46:32.2924|20102|ERROR|Microsoft.EntityFrameworkCore.Database.Command|Failed executing DbCommand (4ms) [Parameters=[], CommandType='Text', CommandTimeout='30']
ALTER TABLE [CommentEntity] ADD CONSTRAINT [FK_CommentEntity_CommentEntity_ReplyToCommentId] FOREIGN KEY ([ReplyToCommentId]) REFERENCES [CommentEntity] ([Id]) ON DELETE CASCADE; |url: |action: 
2020-10-03 15:48:57.5435|10612|WARN|Microsoft.EntityFrameworkCore.Model|Navigations 'CommentEntity.Response' and 'ReplyEntity.WithComment' were separated into two relationships as [ForeignKey] attribute was specified on navigations on both sides. |url: |action: 
2020-10-03 15:49:19.1568|10612|WARN|Microsoft.EntityFrameworkCore.Model|Navigations 'CommentEntity.Response' and 'ReplyEntity.WithComment' were separated into two relationships as [ForeignKey] attribute was specified on navigations on both sides. |url: |action: 
2020-10-03 15:49:53.1909|10612|WARN|Microsoft.EntityFrameworkCore.Model|Navigations 'CommentEntity.Response' and 'ReplyEntity.WithComment' were separated into two relationships as [ForeignKey] attribute was specified on navigations on both sides. |url: |action: 
2020-10-03 15:50:05.7069|10612|WARN|Microsoft.EntityFrameworkCore.Model|Navigations 'CommentEntity.Response' and 'ReplyEntity.WithComment' were separated into two relationships as [ForeignKey] attribute was specified on navigations on both sides. |url: |action: 
2020-10-03 15:50:20.3961|10612|WARN|Microsoft.EntityFrameworkCore.Model|Navigations 'CommentEntity.Response' and 'ReplyEntity.WithComment' were separated into two relationships as [ForeignKey] attribute was specified on navigations on both sides. |url: |action: 
2020-10-03 15:50:21.6095|20102|ERROR|Microsoft.EntityFrameworkCore.Database.Command|Failed executing DbCommand (2ms) [Parameters=[], CommandType='Text', CommandTimeout='30']
ALTER TABLE [CommentEntity] ADD CONSTRAINT [FK_CommentEntity_CommentEntity_ReplyToCommentId] FOREIGN KEY ([ReplyToCommentId]) REFERENCES [CommentEntity] ([Id]) ON DELETE CASCADE; |url: |action: 
2020-10-03 15:53:24.5611|10612|WARN|Microsoft.EntityFrameworkCore.Model|Navigations 'CommentEntity.Response' and 'ReplyEntity.WithComment' were separated into two relationships as [ForeignKey] attribute was specified on navigations on both sides. |url: |action: 
2020-10-03 15:53:58.2127|10612|WARN|Microsoft.EntityFrameworkCore.Model|Navigations 'CommentEntity.Response' and 'ReplyEntity.WithComment' were separated into two relationships as [ForeignKey] attribute was specified on navigations on both sides. |url: |action: 
2020-10-03 15:54:07.2355|10612|WARN|Microsoft.EntityFrameworkCore.Model|Navigations 'CommentEntity.Response' and 'ReplyEntity.WithComment' were separated into two relationships as [ForeignKey] attribute was specified on navigations on both sides. |url: |action: 
2020-10-03 15:54:46.7235|10612|WARN|Microsoft.EntityFrameworkCore.Model|Navigations 'CommentEntity.Response' and 'ReplyEntity.WithComment' were separated into two relationships as [ForeignKey] attribute was specified on navigations on both sides. |url: |action: 
2020-10-03 15:55:02.8657|10612|WARN|Microsoft.EntityFrameworkCore.Model|Navigations 'CommentEntity.Response' and 'ReplyEntity.WithComment' were separated into two relationships as [ForeignKey] attribute was specified on navigations on both sides. |url: |action: 
2020-10-03 15:55:11.2262|10612|WARN|Microsoft.EntityFrameworkCore.Model|Navigations 'CommentEntity.Response' and 'ReplyEntity.WithComment' were separated into two relationships as [ForeignKey] attribute was specified on navigations on both sides. |url: |action: 
2020-10-03 15:55:31.0191|10612|WARN|Microsoft.EntityFrameworkCore.Model|Navigations 'CommentEntity.Response' and 'ReplyEntity.WithComment' were separated into two relationships as [ForeignKey] attribute was specified on navigations on both sides. |url: |action: 
2020-10-03 16:04:41.9592|10612|WARN|Microsoft.EntityFrameworkCore.Model|Navigations 'CommentEntity.Response' and 'ReplyEntity.WithComment' were separated into two relationships as [ForeignKey] attribute was specified on navigations on both sides. |url: |action: 
2020-10-03 16:21:34.8792|20102|ERROR|Microsoft.EntityFrameworkCore.Database.Command|Failed executing DbCommand (6ms) [Parameters=[], CommandType='Text', CommandTimeout='30']
ALTER TABLE [CommentEntity] ADD CONSTRAINT [FK_CommentEntity_CommentEntity_ResponseToCommmentId] FOREIGN KEY ([ResponseToCommmentId]) REFERENCES [CommentEntity] ([Id]) ON DELETE CASCADE; |url: |action: 
2020-10-03 16:28:25.1335|20102|ERROR|Microsoft.EntityFrameworkCore.Database.Command|Failed executing DbCommand (8ms) [Parameters=[], CommandType='Text', CommandTimeout='30']
ALTER TABLE [CommentEntity] ADD CONSTRAINT [FK_CommentEntity_ReplyEntity_ResponseToCommmentId] FOREIGN KEY ([ResponseToCommmentId]) REFERENCES [ReplyEntity] ([Id]) ON DELETE CASCADE; |url: |action: 
2020-10-03 16:29:52.4585|20102|ERROR|Microsoft.EntityFrameworkCore.Database.Command|Failed executing DbCommand (9ms) [Parameters=[], CommandType='Text', CommandTimeout='30']
IF EXISTS (SELECT * FROM [sys].[identity_columns] WHERE [name] IN (N'Id', N'AvatarId', N'CardId', N'LastUpdatedOn', N'Message', N'PostedOn', N'ResponseToCommmentId') AND [object_id] = OBJECT_ID(N'[CommentEntity]'))
    SET IDENTITY_INSERT [CommentEntity] ON;
INSERT INTO [CommentEntity] ([Id], [AvatarId], [CardId], [LastUpdatedOn], [Message], [PostedOn], [ResponseToCommmentId])
VALUES (1, 2, 1, '0001-01-01T00:00:00.0000000', N'This is great work!!', '0001-01-01T00:00:00.0000000', 0),
(2, 3, 1, '0001-01-01T00:00:00.0000000', N'I Totally agree!', '0001-01-01T00:00:00.0000000', 1);
IF EXISTS (SELECT * FROM [sys].[identity_columns] WHERE [name] IN (N'Id', N'AvatarId', N'CardId', N'LastUpdatedOn', N'Message', N'PostedOn', N'ResponseToCommmentId') AND [object_id] = OBJECT_ID(N'[CommentEntity]'))
    SET IDENTITY_INSERT [CommentEntity] OFF; |url: |action: 
2020-10-03 16:34:19.8920|20102|ERROR|Microsoft.EntityFrameworkCore.Database.Command|Failed executing DbCommand (9ms) [Parameters=[], CommandType='Text', CommandTimeout='30']
IF EXISTS (SELECT * FROM [sys].[identity_columns] WHERE [name] IN (N'Id', N'AvatarId', N'CardId', N'LastUpdatedOn', N'Message', N'PostedOn', N'ResponseToCommmentId') AND [object_id] = OBJECT_ID(N'[CommentEntity]'))
    SET IDENTITY_INSERT [CommentEntity] ON;
INSERT INTO [CommentEntity] ([Id], [AvatarId], [CardId], [LastUpdatedOn], [Message], [PostedOn], [ResponseToCommmentId])
VALUES (1, 2, 1, '0001-01-01T00:00:00.0000000', N'This is great work!!', '0001-01-01T00:00:00.0000000', 0),
(2, 3, 1, '0001-01-01T00:00:00.0000000', N'I Totally agree!', '0001-01-01T00:00:00.0000000', 1);
IF EXISTS (SELECT * FROM [sys].[identity_columns] WHERE [name] IN (N'Id', N'AvatarId', N'CardId', N'LastUpdatedOn', N'Message', N'PostedOn', N'ResponseToCommmentId') AND [object_id] = OBJECT_ID(N'[CommentEntity]'))
    SET IDENTITY_INSERT [CommentEntity] OFF; |url: |action: 
2020-10-03 16:35:58.6245|20102|ERROR|Microsoft.EntityFrameworkCore.Database.Command|Failed executing DbCommand (5ms) [Parameters=[], CommandType='Text', CommandTimeout='30']
IF EXISTS (SELECT * FROM [sys].[identity_columns] WHERE [name] IN (N'Id', N'AvatarId', N'CardId', N'LastUpdatedOn', N'Message', N'PostedOn', N'ResponseToCommmentId') AND [object_id] = OBJECT_ID(N'[CommentEntity]'))
    SET IDENTITY_INSERT [CommentEntity] ON;
INSERT INTO [CommentEntity] ([Id], [AvatarId], [CardId], [LastUpdatedOn], [Message], [PostedOn], [ResponseToCommmentId])
VALUES (1, 2, 1, '0001-01-01T00:00:00.0000000', N'This is great work!!', '0001-01-01T00:00:00.0000000', 0),
(2, 3, 1, '0001-01-01T00:00:00.0000000', N'I Totally agree!', '0001-01-01T00:00:00.0000000', 1);
IF EXISTS (SELECT * FROM [sys].[identity_columns] WHERE [name] IN (N'Id', N'AvatarId', N'CardId', N'LastUpdatedOn', N'Message', N'PostedOn', N'ResponseToCommmentId') AND [object_id] = OBJECT_ID(N'[CommentEntity]'))
    SET IDENTITY_INSERT [CommentEntity] OFF; |url: |action: 
2020-10-03 16:40:46.5783|20102|ERROR|Microsoft.EntityFrameworkCore.Database.Command|Failed executing DbCommand (10ms) [Parameters=[], CommandType='Text', CommandTimeout='30']
IF EXISTS (SELECT * FROM [sys].[identity_columns] WHERE [name] IN (N'Id', N'AvatarId', N'CardId', N'LastUpdatedOn', N'Message', N'PostedOn', N'ResponseId') AND [object_id] = OBJECT_ID(N'[CommentEntity]'))
    SET IDENTITY_INSERT [CommentEntity] ON;
INSERT INTO [CommentEntity] ([Id], [AvatarId], [CardId], [LastUpdatedOn], [Message], [PostedOn], [ResponseId])
VALUES (1, 2, 1, '0001-01-01T00:00:00.0000000', N'This is great work!!', '0001-01-01T00:00:00.0000000', 0),
(2, 2, 1, '0001-01-01T00:00:00.0000000', N'You deserve a prize!!', '0001-01-01T00:00:00.0000000', 0),
(3, 3, 1, '0001-01-01T00:00:00.0000000', N'I Totally agree!', '0001-01-01T00:00:00.0000000', 2);
IF EXISTS (SELECT * FROM [sys].[identity_columns] WHERE [name] IN (N'Id', N'AvatarId', N'CardId', N'LastUpdatedOn', N'Message', N'PostedOn', N'ResponseId') AND [object_id] = OBJECT_ID(N'[CommentEntity]'))
    SET IDENTITY_INSERT [CommentEntity] OFF; |url: |action: 
2020-10-03 16:42:57.4912|20102|ERROR|Microsoft.EntityFrameworkCore.Database.Command|Failed executing DbCommand (5ms) [Parameters=[], CommandType='Text', CommandTimeout='30']
IF EXISTS (SELECT * FROM [sys].[identity_columns] WHERE [name] IN (N'Id', N'AvatarId', N'CardId', N'LastUpdatedOn', N'Message', N'PostedOn', N'ResponseId') AND [object_id] = OBJECT_ID(N'[CommentEntity]'))
    SET IDENTITY_INSERT [CommentEntity] ON;
INSERT INTO [CommentEntity] ([Id], [AvatarId], [CardId], [LastUpdatedOn], [Message], [PostedOn], [ResponseId])
VALUES (1, 2, 1, '0001-01-01T00:00:00.0000000', N'This is great work!!', '0001-01-01T00:00:00.0000000', 0),
(2, 2, 1, '0001-01-01T00:00:00.0000000', N'You deserve a prize!!', '0001-01-01T00:00:00.0000000', 0),
(3, 3, 1, '0001-01-01T00:00:00.0000000', N'I Totally agree!', '0001-01-01T00:00:00.0000000', 2);
IF EXISTS (SELECT * FROM [sys].[identity_columns] WHERE [name] IN (N'Id', N'AvatarId', N'CardId', N'LastUpdatedOn', N'Message', N'PostedOn', N'ResponseId') AND [object_id] = OBJECT_ID(N'[CommentEntity]'))
    SET IDENTITY_INSERT [CommentEntity] OFF; |url: |action: 
2020-10-03 16:44:47.3974|20102|ERROR|Microsoft.EntityFrameworkCore.Database.Command|Failed executing DbCommand (5ms) [Parameters=[], CommandType='Text', CommandTimeout='30']
IF EXISTS (SELECT * FROM [sys].[identity_columns] WHERE [name] IN (N'Id', N'AvatarId', N'CardId', N'LastUpdatedOn', N'Message', N'PostedOn', N'ResponseId') AND [object_id] = OBJECT_ID(N'[CommentEntity]'))
    SET IDENTITY_INSERT [CommentEntity] ON;
INSERT INTO [CommentEntity] ([Id], [AvatarId], [CardId], [LastUpdatedOn], [Message], [PostedOn], [ResponseId])
VALUES (1, 2, 1, '0001-01-01T00:00:00.0000000', N'This is great work!!', '0001-01-01T00:00:00.0000000', 0),
(2, 2, 1, '0001-01-01T00:00:00.0000000', N'You deserve a prize!!', '0001-01-01T00:00:00.0000000', 0),
(3, 3, 1, '0001-01-01T00:00:00.0000000', N'I Totally agree!', '0001-01-01T00:00:00.0000000', 2);
IF EXISTS (SELECT * FROM [sys].[identity_columns] WHERE [name] IN (N'Id', N'AvatarId', N'CardId', N'LastUpdatedOn', N'Message', N'PostedOn', N'ResponseId') AND [object_id] = OBJECT_ID(N'[CommentEntity]'))
    SET IDENTITY_INSERT [CommentEntity] OFF; |url: |action: 
2020-10-03 16:47:25.6025|20102|ERROR|Microsoft.EntityFrameworkCore.Database.Command|Failed executing DbCommand (5ms) [Parameters=[], CommandType='Text', CommandTimeout='30']
IF EXISTS (SELECT * FROM [sys].[identity_columns] WHERE [name] IN (N'Id', N'AvatarId', N'CardId', N'LastUpdatedOn', N'Message', N'PostedOn', N'ResponseId') AND [object_id] = OBJECT_ID(N'[CommentEntity]'))
    SET IDENTITY_INSERT [CommentEntity] ON;
INSERT INTO [CommentEntity] ([Id], [AvatarId], [CardId], [LastUpdatedOn], [Message], [PostedOn], [ResponseId])
VALUES (1, 2, 1, '0001-01-01T00:00:00.0000000', N'This is great work!!', '0001-01-01T00:00:00.0000000', 0),
(2, 2, 1, '0001-01-01T00:00:00.0000000', N'You deserve a prize!!', '0001-01-01T00:00:00.0000000', 0),
(3, 3, 1, '0001-01-01T00:00:00.0000000', N'I Totally agree!', '0001-01-01T00:00:00.0000000', 2);
IF EXISTS (SELECT * FROM [sys].[identity_columns] WHERE [name] IN (N'Id', N'AvatarId', N'CardId', N'LastUpdatedOn', N'Message', N'PostedOn', N'ResponseId') AND [object_id] = OBJECT_ID(N'[CommentEntity]'))
    SET IDENTITY_INSERT [CommentEntity] OFF; |url: |action: 
2020-10-03 16:49:28.9739|10612|WARN|Microsoft.EntityFrameworkCore.Model|Navigations 'CommentEntity.Response' and 'ReplyEntity.Reply' were separated into two relationships as [ForeignKey] attribute was specified on navigations on both sides. |url: |action: 
2020-10-03 16:49:37.4113|10612|WARN|Microsoft.EntityFrameworkCore.Model|Navigations 'CommentEntity.Response' and 'ReplyEntity.Reply' were separated into two relationships as [ForeignKey] attribute was specified on navigations on both sides. |url: |action: 
2020-10-03 16:49:45.9817|10612|WARN|Microsoft.EntityFrameworkCore.Model|Navigations 'CommentEntity.Response' and 'ReplyEntity.Reply' were separated into two relationships as [ForeignKey] attribute was specified on navigations on both sides. |url: |action: 
2020-10-03 16:49:46.6653|20102|ERROR|Microsoft.EntityFrameworkCore.Database.Command|Failed executing DbCommand (7ms) [Parameters=[], CommandType='Text', CommandTimeout='30']
ALTER TABLE [CommentEntity] ADD CONSTRAINT [FK_CommentEntity_ReplyEntity_ResponseId] FOREIGN KEY ([ResponseId]) REFERENCES [ReplyEntity] ([Id]) ON DELETE CASCADE; |url: |action: 
2020-10-03 18:20:22.5787|10612|WARN|Microsoft.EntityFrameworkCore.Model|Navigations 'CommentEntity.Response' and 'ReplyEntity.Reply' were separated into two relationships as [ForeignKey] attribute was specified on navigations on both sides. |url: |action: 
2020-10-03 18:28:55.4646|10612|WARN|Microsoft.EntityFrameworkCore.Model|Navigations 'CommentEntity.ReplyEntity' and 'ReplyEntity.Reply' were separated into two relationships as [ForeignKey] attribute was specified on navigations on both sides. |url: |action: 
2020-10-03 18:30:01.4432|10612|WARN|Microsoft.EntityFrameworkCore.Model|Navigations 'CommentEntity.ReplyEntity' and 'ReplyEntity.Reply' were separated into two relationships as [ForeignKey] attribute was specified on navigations on both sides. |url: |action: 
2020-10-03 18:30:14.6560|10612|WARN|Microsoft.EntityFrameworkCore.Model|Navigations 'CommentEntity.ReplyEntity' and 'ReplyEntity.Reply' were separated into two relationships as [ForeignKey] attribute was specified on navigations on both sides. |url: |action: 
2020-10-03 18:30:56.9239|10612|WARN|Microsoft.EntityFrameworkCore.Model|Navigations 'CommentEntity.ReplyEntity' and 'ReplyEntity.Reply' were separated into two relationships as [ForeignKey] attribute was specified on navigations on both sides. |url: |action: 
2020-10-03 18:31:08.2144|10612|WARN|Microsoft.EntityFrameworkCore.Model|Navigations 'CommentEntity.ReplyEntity' and 'ReplyEntity.Reply' were separated into two relationships as [ForeignKey] attribute was specified on navigations on both sides. |url: |action: 
2020-10-03 18:31:09.2447|20102|ERROR|Microsoft.EntityFrameworkCore.Database.Command|Failed executing DbCommand (7ms) [Parameters=[], CommandType='Text', CommandTimeout='30']
ALTER TABLE [CommentEntity] ADD CONSTRAINT [FK_CommentEntity_ReplyEntity_ReplyId] FOREIGN KEY ([ReplyId]) REFERENCES [ReplyEntity] ([Id]) ON DELETE CASCADE; |url: |action: 
2020-10-03 18:33:48.3521|20102|ERROR|Microsoft.EntityFrameworkCore.Database.Command|Failed executing DbCommand (10ms) [Parameters=[], CommandType='Text', CommandTimeout='30']
IF EXISTS (SELECT * FROM [sys].[identity_columns] WHERE [name] IN (N'Id', N'AvatarId', N'CardId', N'LastUpdatedOn', N'Message', N'PostedOn', N'ReplyId') AND [object_id] = OBJECT_ID(N'[CommentEntity]'))
    SET IDENTITY_INSERT [CommentEntity] ON;
INSERT INTO [CommentEntity] ([Id], [AvatarId], [CardId], [LastUpdatedOn], [Message], [PostedOn], [ReplyId])
VALUES (1, 2, 1, '0001-01-01T00:00:00.0000000', N'This is great work!!', '0001-01-01T00:00:00.0000000', 0),
(2, 2, 1, '0001-01-01T00:00:00.0000000', N'You deserve a prize!!', '0001-01-01T00:00:00.0000000', 0),
(3, 3, 1, '0001-01-01T00:00:00.0000000', N'I Totally agree!', '0001-01-01T00:00:00.0000000', 1);
IF EXISTS (SELECT * FROM [sys].[identity_columns] WHERE [name] IN (N'Id', N'AvatarId', N'CardId', N'LastUpdatedOn', N'Message', N'PostedOn', N'ReplyId') AND [object_id] = OBJECT_ID(N'[CommentEntity]'))
    SET IDENTITY_INSERT [CommentEntity] OFF; |url: |action: 
2020-10-03 18:35:40.1624|20102|ERROR|Microsoft.EntityFrameworkCore.Database.Command|Failed executing DbCommand (10ms) [Parameters=[], CommandType='Text', CommandTimeout='30']
IF EXISTS (SELECT * FROM [sys].[identity_columns] WHERE [name] IN (N'Id', N'AvatarId', N'CardId', N'LastUpdatedOn', N'Message', N'PostedOn', N'ReplyId') AND [object_id] = OBJECT_ID(N'[CommentEntity]'))
    SET IDENTITY_INSERT [CommentEntity] ON;
INSERT INTO [CommentEntity] ([Id], [AvatarId], [CardId], [LastUpdatedOn], [Message], [PostedOn], [ReplyId])
VALUES (1, 2, 1, '0001-01-01T00:00:00.0000000', N'This is great work!!', '0001-01-01T00:00:00.0000000', 0),
(2, 2, 1, '0001-01-01T00:00:00.0000000', N'You deserve a prize!!', '0001-01-01T00:00:00.0000000', 0),
(3, 3, 1, '0001-01-01T00:00:00.0000000', N'I Totally agree!', '0001-01-01T00:00:00.0000000', 1);
IF EXISTS (SELECT * FROM [sys].[identity_columns] WHERE [name] IN (N'Id', N'AvatarId', N'CardId', N'LastUpdatedOn', N'Message', N'PostedOn', N'ReplyId') AND [object_id] = OBJECT_ID(N'[CommentEntity]'))
    SET IDENTITY_INSERT [CommentEntity] OFF; |url: |action: 
2020-10-03 19:41:20.4410|20102|ERROR|Microsoft.EntityFrameworkCore.Database.Command|Failed executing DbCommand (10ms) [Parameters=[], CommandType='Text', CommandTimeout='30']
IF EXISTS (SELECT * FROM [sys].[identity_columns] WHERE [name] IN (N'Id', N'AvatarId', N'CardId', N'LastUpdatedOn', N'Message', N'PostedOn', N'ReplyId') AND [object_id] = OBJECT_ID(N'[CommentEntity]'))
    SET IDENTITY_INSERT [CommentEntity] ON;
INSERT INTO [CommentEntity] ([Id], [AvatarId], [CardId], [LastUpdatedOn], [Message], [PostedOn], [ReplyId])
VALUES (1, 2, 1, '0001-01-01T00:00:00.0000000', N'This is great work!!', '0001-01-01T00:00:00.0000000', 0),
(2, 2, 1, '0001-01-01T00:00:00.0000000', N'You deserve a prize!!', '0001-01-01T00:00:00.0000000', 0),
(3, 3, 1, '0001-01-01T00:00:00.0000000', N'I Totally agree!', '0001-01-01T00:00:00.0000000', 1);
IF EXISTS (SELECT * FROM [sys].[identity_columns] WHERE [name] IN (N'Id', N'AvatarId', N'CardId', N'LastUpdatedOn', N'Message', N'PostedOn', N'ReplyId') AND [object_id] = OBJECT_ID(N'[CommentEntity]'))
    SET IDENTITY_INSERT [CommentEntity] OFF; |url: |action: 
2020-10-03 20:14:25.8367|20102|ERROR|Microsoft.EntityFrameworkCore.Database.Command|Failed executing DbCommand (3ms) [Parameters=[], CommandType='Text', CommandTimeout='30']
ALTER TABLE [ReplyEntity] ADD CONSTRAINT [FK_ReplyEntity_AvatarEntity_AvatarId] FOREIGN KEY ([AvatarId]) REFERENCES [AvatarEntity] ([Id]) ON DELETE CASCADE; |url: |action: 
