2020-10-05 11:15:44.1031|20102|ERROR|Microsoft.EntityFrameworkCore.Database.Command|Failed executing DbCommand (4ms) [Parameters=[], CommandType='Text', CommandTimeout='30']
ALTER TABLE [ReplyEntity] ADD CONSTRAINT [FK_ReplyEntity_AvatarEntity_AvatarId] FOREIGN KEY ([AvatarId]) REFERENCES [AvatarEntity] ([Id]) ON DELETE CASCADE; |url: |action: 
2020-10-05 11:25:30.6916|20102|ERROR|Microsoft.EntityFrameworkCore.Database.Command|Failed executing DbCommand (14ms) [Parameters=[], CommandType='Text', CommandTimeout='30']
DROP INDEX [IX_ReplyEntity_AvatarEnityId] ON [ReplyEntity];
DECLARE @var0 sysname;
SELECT @var0 = [d].[name]
FROM [sys].[default_constraints] [d]
INNER JOIN [sys].[columns] [c] ON [d].[parent_column_id] = [c].[column_id] AND [d].[parent_object_id] = [c].[object_id]
WHERE ([d].[parent_object_id] = OBJECT_ID(N'[ReplyEntity]') AND [c].[name] = N'AvatarEnityId');
IF @var0 IS NOT NULL EXEC(N'ALTER TABLE [ReplyEntity] DROP CONSTRAINT [' + @var0 + '];');
ALTER TABLE [ReplyEntity] ALTER COLUMN [AvatarEnityId] int NOT NULL;
ALTER TABLE [ReplyEntity] ADD DEFAULT 0 FOR [AvatarEnityId];
CREATE INDEX [IX_ReplyEntity_AvatarEnityId] ON [ReplyEntity] ([AvatarEnityId]); |url: |action: 
2020-10-05 11:27:05.3465|20102|ERROR|Microsoft.EntityFrameworkCore.Database.Command|Failed executing DbCommand (5ms) [Parameters=[], CommandType='Text', CommandTimeout='30']
DROP INDEX [IX_ReplyEntity_AvatarEnityId] ON [ReplyEntity];
DECLARE @var0 sysname;
SELECT @var0 = [d].[name]
FROM [sys].[default_constraints] [d]
INNER JOIN [sys].[columns] [c] ON [d].[parent_column_id] = [c].[column_id] AND [d].[parent_object_id] = [c].[object_id]
WHERE ([d].[parent_object_id] = OBJECT_ID(N'[ReplyEntity]') AND [c].[name] = N'AvatarEnityId');
IF @var0 IS NOT NULL EXEC(N'ALTER TABLE [ReplyEntity] DROP CONSTRAINT [' + @var0 + '];');
ALTER TABLE [ReplyEntity] ALTER COLUMN [AvatarEnityId] int NOT NULL;
ALTER TABLE [ReplyEntity] ADD DEFAULT 0 FOR [AvatarEnityId];
CREATE INDEX [IX_ReplyEntity_AvatarEnityId] ON [ReplyEntity] ([AvatarEnityId]); |url: |action: 
2020-10-05 11:28:55.1491|20102|ERROR|Microsoft.EntityFrameworkCore.Database.Command|Failed executing DbCommand (6ms) [Parameters=[], CommandType='Text', CommandTimeout='30']
CREATE TABLE [ReplyEntity] (
    [ReplyId] int NOT NULL IDENTITY,
    [CommentId] int NOT NULL,
    [AvatarEnityId] int NOT NULL,
    [HasReplied] bit NOT NULL,
    CONSTRAINT [PK_ReplyEntity] PRIMARY KEY ([ReplyId]),
    CONSTRAINT [FK_ReplyEntity_AvatarEntity_AvatarEnityId] FOREIGN KEY ([AvatarEnityId]) REFERENCES [AvatarEntity] ([Id]) ON DELETE CASCADE,
    CONSTRAINT [FK_ReplyEntity_CommentEntity_CommentId] FOREIGN KEY ([CommentId]) REFERENCES [CommentEntity] ([Id]) ON DELETE CASCADE
); |url: |action: 
