2020-09-30 08:59:54.0814||INFO|MyAppApi.Program|Intializing application... |url: |action: 
2020-09-30 09:00:31.1727|1|ERROR|Microsoft.AspNetCore.Diagnostics.DeveloperExceptionPageMiddleware|An unhandled exception has occurred while executing the request. Newtonsoft.Json.JsonSerializationException: Error getting value from 'UpVotesCount' on 'MyAppAPI.Models.GalleryModel.GalleryCard'.
 ---> System.NullReferenceException: Object reference not set to an instance of an object.
   at MyAppAPI.Models.GalleryModel.GalleryCard.get_UpVotesCount() in C:\Code\Projects\MyAppAPI\Models\GalleryModel\GalleryCard.cs:line 49
   at lambda_method(Closure , Object )
   at Newtonsoft.Json.Serialization.ExpressionValueProvider.GetValue(Object target)
   --- End of inner exception stack trace ---
   at Newtonsoft.Json.Serialization.ExpressionValueProvider.GetValue(Object target)
   at Newtonsoft.Json.Serialization.JsonSerializerInternalWriter.CalculatePropertyValues(JsonWriter writer, Object value, JsonContainerContract contract, JsonProperty member, JsonProperty property, JsonContract& memberContract, Object& memberValue)
   at Newtonsoft.Json.Serialization.JsonSerializerInternalWriter.SerializeObject(JsonWriter writer, Object value, JsonObjectContract contract, JsonProperty member, JsonContainerContract collectionContract, JsonProperty containerProperty)
   at Newtonsoft.Json.Serialization.JsonSerializerInternalWriter.SerializeValue(JsonWriter writer, Object value, JsonContract valueContract, JsonProperty member, JsonContainerContract containerContract, JsonProperty containerProperty)
   at Newtonsoft.Json.Serialization.JsonSerializerInternalWriter.Serialize(JsonWriter jsonWriter, Object value, Type objectType)
   at Newtonsoft.Json.JsonSerializer.SerializeInternal(JsonWriter jsonWriter, Object value, Type objectType)
   at Newtonsoft.Json.JsonSerializer.Serialize(JsonWriter jsonWriter, Object value)
   at Microsoft.AspNetCore.Mvc.Formatters.NewtonsoftJsonOutputFormatter.WriteResponseBodyAsync(OutputFormatterWriteContext context, Encoding selectedEncoding)
   at Microsoft.AspNetCore.Mvc.Formatters.NewtonsoftJsonOutputFormatter.WriteResponseBodyAsync(OutputFormatterWriteContext context, Encoding selectedEncoding)
   at Microsoft.AspNetCore.Mvc.Formatters.NewtonsoftJsonOutputFormatter.WriteResponseBodyAsync(OutputFormatterWriteContext context, Encoding selectedEncoding)
   at Microsoft.AspNetCore.Mvc.Infrastructure.ResourceInvoker.<InvokeNextResultFilterAsync>g__Awaited|29_0[TFilter,TFilterAsync](ResourceInvoker invoker, Task lastTask, State next, Scope scope, Object state, Boolean isCompleted)
   at Microsoft.AspNetCore.Mvc.Infrastructure.ResourceInvoker.Rethrow(ResultExecutedContextSealed context)
   at Microsoft.AspNetCore.Mvc.Infrastructure.ResourceInvoker.ResultNext[TFilter,TFilterAsync](State& next, Scope& scope, Object& state, Boolean& isCompleted)
   at Microsoft.AspNetCore.Mvc.Infrastructure.ResourceInvoker.InvokeResultFilters()
--- End of stack trace from previous location where exception was thrown ---
   at Microsoft.AspNetCore.Mvc.Infrastructure.ResourceInvoker.<InvokeFilterPipelineAsync>g__Awaited|19_0(ResourceInvoker invoker, Task lastTask, State next, Scope scope, Object state, Boolean isCompleted)
   at Microsoft.AspNetCore.Mvc.Infrastructure.ResourceInvoker.<InvokeAsync>g__Awaited|17_0(ResourceInvoker invoker, Task task, IDisposable scope)
   at Microsoft.AspNetCore.Routing.EndpointMiddleware.<Invoke>g__AwaitRequestTask|6_0(Endpoint endpoint, Task requestTask, ILogger logger)
   at Microsoft.AspNetCore.Diagnostics.StatusCodePagesMiddleware.Invoke(HttpContext context)
   at Microsoft.AspNetCore.Diagnostics.DeveloperExceptionPageMiddleware.Invoke(HttpContext context)|url: http://localhost/api/content/|action: CreateGalleryCard
2020-09-30 09:03:03.8825||INFO|MyAppApi.Program|Intializing application... |url: |action: 
2020-09-30 09:13:21.8558||INFO|MyAppApi.Program|Intializing application... |url: |action: 
2020-09-30 09:14:04.0705||INFO|MyAppApi.Program|Intializing application... |url: |action: 
2020-09-30 09:17:42.9062||INFO|MyAppApi.Program|Intializing application... |url: |action: 
2020-09-30 09:19:25.0568||INFO|MyAppApi.Program|Intializing application... |url: |action: 
2020-09-30 09:23:10.8554||INFO|MyAppApi.Program|Intializing application... |url: |action: 
2020-09-30 09:23:31.6233||INFO|MyAppApi.Program|Intializing application... |url: |action: 
2020-09-30 10:14:26.4874||INFO|MyAppApi.Program|Intializing application... |url: |action: 
2020-09-30 10:14:36.2612|1|ERROR|Microsoft.AspNetCore.Diagnostics.DeveloperExceptionPageMiddleware|An unhandled exception has occurred while executing the request. System.InvalidOperationException: Unable to resolve service for type 'Microsoft.Extensions.Logging.ILogger' while attempting to activate 'MyAppAPI.Controller.CommentsController'.
   at Microsoft.Extensions.DependencyInjection.ActivatorUtilities.GetService(IServiceProvider sp, Type type, Type requiredBy, Boolean isDefaultParameterRequired)
   at lambda_method(Closure , IServiceProvider , Object[] )
   at Microsoft.AspNetCore.Mvc.Controllers.ControllerActivatorProvider.<>c__DisplayClass4_0.<CreateActivator>b__0(ControllerContext controllerContext)
   at Microsoft.AspNetCore.Mvc.Controllers.ControllerFactoryProvider.<>c__DisplayClass5_0.<CreateControllerFactory>g__CreateController|0(ControllerContext controllerContext)
   at Microsoft.AspNetCore.Mvc.Infrastructure.ControllerActionInvoker.Next(State& next, Scope& scope, Object& state, Boolean& isCompleted)
   at Microsoft.AspNetCore.Mvc.Infrastructure.ControllerActionInvoker.InvokeInnerFilterAsync()
--- End of stack trace from previous location where exception was thrown ---
   at Microsoft.AspNetCore.Mvc.Infrastructure.ResourceInvoker.<InvokeFilterPipelineAsync>g__Awaited|19_0(ResourceInvoker invoker, Task lastTask, State next, Scope scope, Object state, Boolean isCompleted)
   at Microsoft.AspNetCore.Mvc.Infrastructure.ResourceInvoker.<InvokeAsync>g__Awaited|17_0(ResourceInvoker invoker, Task task, IDisposable scope)
   at Microsoft.AspNetCore.Routing.EndpointMiddleware.<Invoke>g__AwaitRequestTask|6_0(Endpoint endpoint, Task requestTask, ILogger logger)
   at Microsoft.AspNetCore.Diagnostics.StatusCodePagesMiddleware.Invoke(HttpContext context)
   at Microsoft.AspNetCore.Diagnostics.DeveloperExceptionPageMiddleware.Invoke(HttpContext context)|url: http://localhost/api/content/avatar/1/comment/2|action: GetComments
2020-09-30 10:16:52.1460||INFO|MyAppApi.Program|Intializing application... |url: |action: 
2020-09-30 10:17:04.3880|1|ERROR|Microsoft.AspNetCore.Diagnostics.DeveloperExceptionPageMiddleware|An unhandled exception has occurred while executing the request. System.NullReferenceException: Object reference not set to an instance of an object.
   at MyAppAPI.Controller.CommentsController.GetComments(Int32 avatarId, Int32 id) in C:\Code\Projects\MyAppAPI\Controller\CommentsController.cs:line 51
   at lambda_method(Closure , Object , Object[] )
   at Microsoft.Extensions.Internal.ObjectMethodExecutor.Execute(Object target, Object[] parameters)
   at Microsoft.AspNetCore.Mvc.Infrastructure.ActionMethodExecutor.SyncActionResultExecutor.Execute(IActionResultTypeMapper mapper, ObjectMethodExecutor executor, Object controller, Object[] arguments)
   at Microsoft.AspNetCore.Mvc.Infrastructure.ControllerActionInvoker.InvokeActionMethodAsync()
   at Microsoft.AspNetCore.Mvc.Infrastructure.ControllerActionInvoker.Next(State& next, Scope& scope, Object& state, Boolean& isCompleted)
   at Microsoft.AspNetCore.Mvc.Infrastructure.ControllerActionInvoker.InvokeNextActionFilterAsync()
--- End of stack trace from previous location where exception was thrown ---
   at Microsoft.AspNetCore.Mvc.Infrastructure.ControllerActionInvoker.Rethrow(ActionExecutedContextSealed context)
   at Microsoft.AspNetCore.Mvc.Infrastructure.ControllerActionInvoker.Next(State& next, Scope& scope, Object& state, Boolean& isCompleted)
   at Microsoft.AspNetCore.Mvc.Infrastructure.ControllerActionInvoker.InvokeInnerFilterAsync()
--- End of stack trace from previous location where exception was thrown ---
   at Microsoft.AspNetCore.Mvc.Infrastructure.ResourceInvoker.<InvokeFilterPipelineAsync>g__Awaited|19_0(ResourceInvoker invoker, Task lastTask, State next, Scope scope, Object state, Boolean isCompleted)
   at Microsoft.AspNetCore.Mvc.Infrastructure.ResourceInvoker.<InvokeAsync>g__Awaited|17_0(ResourceInvoker invoker, Task task, IDisposable scope)
   at Microsoft.AspNetCore.Routing.EndpointMiddleware.<Invoke>g__AwaitRequestTask|6_0(Endpoint endpoint, Task requestTask, ILogger logger)
   at Microsoft.AspNetCore.Diagnostics.StatusCodePagesMiddleware.Invoke(HttpContext context)
   at Microsoft.AspNetCore.Diagnostics.DeveloperExceptionPageMiddleware.Invoke(HttpContext context)|url: http://localhost/api/content/avatar/4/comment/2|action: GetComments
2020-09-30 10:18:33.6340||INFO|MyAppApi.Program|Intializing application... |url: |action: 
2020-09-30 10:18:35.4309|1|ERROR|Microsoft.AspNetCore.Diagnostics.DeveloperExceptionPageMiddleware|An unhandled exception has occurred while executing the request. System.NullReferenceException: Object reference not set to an instance of an object.
   at MyAppAPI.Controller.CommentsController.GetComments(Int32 avatarId, Int32 id) in C:\Code\Projects\MyAppAPI\Controller\CommentsController.cs:line 51
   at lambda_method(Closure , Object , Object[] )
   at Microsoft.Extensions.Internal.ObjectMethodExecutor.Execute(Object target, Object[] parameters)
   at Microsoft.AspNetCore.Mvc.Infrastructure.ActionMethodExecutor.SyncActionResultExecutor.Execute(IActionResultTypeMapper mapper, ObjectMethodExecutor executor, Object controller, Object[] arguments)
   at Microsoft.AspNetCore.Mvc.Infrastructure.ControllerActionInvoker.InvokeActionMethodAsync()
   at Microsoft.AspNetCore.Mvc.Infrastructure.ControllerActionInvoker.Next(State& next, Scope& scope, Object& state, Boolean& isCompleted)
   at Microsoft.AspNetCore.Mvc.Infrastructure.ControllerActionInvoker.InvokeNextActionFilterAsync()
--- End of stack trace from previous location where exception was thrown ---
   at Microsoft.AspNetCore.Mvc.Infrastructure.ControllerActionInvoker.Rethrow(ActionExecutedContextSealed context)
   at Microsoft.AspNetCore.Mvc.Infrastructure.ControllerActionInvoker.Next(State& next, Scope& scope, Object& state, Boolean& isCompleted)
   at Microsoft.AspNetCore.Mvc.Infrastructure.ControllerActionInvoker.InvokeInnerFilterAsync()
--- End of stack trace from previous location where exception was thrown ---
   at Microsoft.AspNetCore.Mvc.Infrastructure.ResourceInvoker.<InvokeFilterPipelineAsync>g__Awaited|19_0(ResourceInvoker invoker, Task lastTask, State next, Scope scope, Object state, Boolean isCompleted)
   at Microsoft.AspNetCore.Mvc.Infrastructure.ResourceInvoker.<InvokeAsync>g__Awaited|17_0(ResourceInvoker invoker, Task task, IDisposable scope)
   at Microsoft.AspNetCore.Routing.EndpointMiddleware.<Invoke>g__AwaitRequestTask|6_0(Endpoint endpoint, Task requestTask, ILogger logger)
   at Microsoft.AspNetCore.Diagnostics.StatusCodePagesMiddleware.Invoke(HttpContext context)
   at Microsoft.AspNetCore.Diagnostics.DeveloperExceptionPageMiddleware.Invoke(HttpContext context)|url: http://localhost/api/content/avatar/4/comment/2|action: GetComments
2020-09-30 10:19:51.4109||INFO|MyAppApi.Program|Intializing application... |url: |action: 
2020-09-30 10:20:53.7912||INFO|MyAppApi.Program|Intializing application... |url: |action: 
2020-09-30 10:21:24.9950||INFO|MyAppApi.Program|Intializing application... |url: |action: 
2020-09-30 10:22:53.7806||INFO|MyAppApi.Program|Intializing application... |url: |action: 
2020-09-30 12:01:15.0364||INFO|MyAppApi.Program|Intializing application... |url: |action: 
2020-09-30 15:02:02.8014||INFO|MyAppApi.Program|Intializing application... |url: |action: 
2020-09-30 15:02:44.9478||INFO|MyAppApi.Program|Intializing application... |url: |action: 
2020-09-30 15:02:50.1859||INFO|MyAppApi.Program|Intializing application... |url: |action: 
2020-09-30 15:03:20.3970||INFO|MyAppApi.Program|Intializing application... |url: |action: 
2020-09-30 15:03:36.1956||INFO|MyAppApi.Program|Intializing application... |url: |action: 
2020-09-30 15:03:52.7952||INFO|MyAppApi.Program|Intializing application... |url: |action: 
2020-09-30 15:03:59.5592||INFO|MyAppApi.Program|Intializing application... |url: |action: 
2020-09-30 15:05:31.0074||INFO|MyAppApi.Program|Intializing application... |url: |action: 
2020-09-30 15:05:40.7790||INFO|MyAppApi.Program|Intializing application... |url: |action: 
2020-09-30 15:05:46.7296||INFO|MyAppApi.Program|Intializing application... |url: |action: 
2020-09-30 15:06:02.8292||INFO|MyAppApi.Program|Intializing application... |url: |action: 
2020-09-30 15:06:08.1912||INFO|MyAppApi.Program|Intializing application... |url: |action: 
2020-09-30 15:06:33.8583||INFO|MyAppApi.Program|Intializing application... |url: |action: 
2020-09-30 15:06:43.5549||INFO|MyAppApi.Program|Intializing application... |url: |action: 
2020-09-30 15:06:53.2706||INFO|MyAppApi.Program|Intializing application... |url: |action: 
2020-09-30 15:06:56.6166||INFO|MyAppApi.Program|Intializing application... |url: |action: 
2020-09-30 15:07:04.4827||INFO|MyAppApi.Program|Intializing application... |url: |action: 
2020-09-30 15:07:13.9870||INFO|MyAppApi.Program|Intializing application... |url: |action: 
2020-09-30 15:07:58.5548||INFO|MyAppApi.Program|Intializing application... |url: |action: 
2020-09-30 15:09:00.3282||INFO|MyAppApi.Program|Intializing application... |url: |action: 
2020-09-30 15:09:54.5972||INFO|MyAppApi.Program|Intializing application... |url: |action: 
2020-09-30 15:11:20.1808||INFO|MyAppApi.Program|Intializing application... |url: |action: 
2020-09-30 15:11:26.9970||INFO|MyAppApi.Program|Intializing application... |url: |action: 
2020-09-30 15:11:42.1420||INFO|MyAppApi.Program|Intializing application... |url: |action: 
2020-09-30 15:12:09.2936||INFO|MyAppApi.Program|Intializing application... |url: |action: 
2020-09-30 15:13:29.9144|1|ERROR|Microsoft.AspNetCore.Diagnostics.DeveloperExceptionPageMiddleware|An unhandled exception has occurred while executing the request. System.ArgumentOutOfRangeException: Index was out of range. Must be non-negative and less than the size of the collection. (Parameter 'index')
   at System.Collections.Generic.List`1.get_Item(Int32 index)
   at MyAppAPI.AppRepository.GalleryData.<>c__DisplayClass10_0.<GetGalleryCardsByTags>b__0(Tag x) in C:\Code\Projects\MyAppAPI\AppRepository\GalleryData.cs:line 212
   at System.Linq.Enumerable.Any[TSource](IEnumerable`1 source, Func`2 predicate)
   at MyAppAPI.AppRepository.GalleryData.GetGalleryCardsByTags(List`1 tags) in C:\Code\Projects\MyAppAPI\AppRepository\GalleryData.cs:line 212
   at MyAppAPI.Controller.AppController.GetGalleryByTag(String[] words) in C:\Code\Projects\MyAppAPI\Controller\AppController.cs:line 76
   at lambda_method(Closure , Object , Object[] )
   at Microsoft.Extensions.Internal.ObjectMethodExecutor.Execute(Object target, Object[] parameters)
   at Microsoft.AspNetCore.Mvc.Infrastructure.ActionMethodExecutor.SyncActionResultExecutor.Execute(IActionResultTypeMapper mapper, ObjectMethodExecutor executor, Object controller, Object[] arguments)
   at Microsoft.AspNetCore.Mvc.Infrastructure.ControllerActionInvoker.InvokeActionMethodAsync()
   at Microsoft.AspNetCore.Mvc.Infrastructure.ControllerActionInvoker.Next(State& next, Scope& scope, Object& state, Boolean& isCompleted)
   at Microsoft.AspNetCore.Mvc.Infrastructure.ControllerActionInvoker.InvokeNextActionFilterAsync()
--- End of stack trace from previous location where exception was thrown ---
   at Microsoft.AspNetCore.Mvc.Infrastructure.ControllerActionInvoker.Rethrow(ActionExecutedContextSealed context)
   at Microsoft.AspNetCore.Mvc.Infrastructure.ControllerActionInvoker.Next(State& next, Scope& scope, Object& state, Boolean& isCompleted)
   at Microsoft.AspNetCore.Mvc.Infrastructure.ControllerActionInvoker.InvokeInnerFilterAsync()
--- End of stack trace from previous location where exception was thrown ---
   at Microsoft.AspNetCore.Mvc.Infrastructure.ResourceInvoker.<InvokeFilterPipelineAsync>g__Awaited|19_0(ResourceInvoker invoker, Task lastTask, State next, Scope scope, Object state, Boolean isCompleted)
   at Microsoft.AspNetCore.Mvc.Infrastructure.ResourceInvoker.<InvokeAsync>g__Awaited|17_0(ResourceInvoker invoker, Task task, IDisposable scope)
   at Microsoft.AspNetCore.Routing.EndpointMiddleware.<Invoke>g__AwaitRequestTask|6_0(Endpoint endpoint, Task requestTask, ILogger logger)
   at Microsoft.AspNetCore.Diagnostics.StatusCodePagesMiddleware.Invoke(HttpContext context)
   at Microsoft.AspNetCore.Diagnostics.DeveloperExceptionPageMiddleware.Invoke(HttpContext context)|url: http://localhost/api/content/tag|action: GetGalleryByTag
2020-09-30 15:14:58.1497||INFO|MyAppApi.Program|Intializing application... |url: |action: 
2020-09-30 15:15:16.5895||INFO|MyAppApi.Program|Intializing application... |url: |action: 
2020-09-30 15:15:29.1777||INFO|MyAppApi.Program|Intializing application... |url: |action: 
2020-09-30 15:15:32.8497||INFO|MyAppApi.Program|Intializing application... |url: |action: 
2020-09-30 15:15:39.5686||INFO|MyAppApi.Program|Intializing application... |url: |action: 
2020-09-30 15:15:47.2870||INFO|MyAppApi.Program|Intializing application... |url: |action: 
2020-09-30 15:15:50.9815||INFO|MyAppApi.Program|Intializing application... |url: |action: 
2020-09-30 15:15:54.6832||INFO|MyAppApi.Program|Intializing application... |url: |action: 
2020-09-30 15:15:58.3824||INFO|MyAppApi.Program|Intializing application... |url: |action: 
2020-09-30 15:15:59.7935||ERROR|MyAppAPI.Controller.AppController|Unable to get a gallery card with this tag. |url: http://localhost/api/content/tag|action: GetGalleryByTag
2020-09-30 15:16:50.2239||INFO|MyAppApi.Program|Intializing application... |url: |action: 
2020-09-30 15:16:52.4655||ERROR|MyAppAPI.Controller.AppController|Unable to get a gallery card with this tag. |url: http://localhost/api/content/tag|action: GetGalleryByTag
2020-09-30 15:17:28.5986||ERROR|MyAppAPI.Controller.AppController|Unable to get a gallery card with this tag. |url: http://localhost/api/content/tag|action: GetGalleryByTag
2020-09-30 15:26:33.2995||ERROR|MyAppAPI.Controller.AppController|Unable to get a gallery card with this tag. |url: http://localhost/api/content/tag|action: GetGalleryByTag
2020-09-30 15:28:31.9614||ERROR|MyAppAPI.Controller.AppController|Unable to get a gallery card with this tag. |url: http://localhost/api/content/tag|action: GetGalleryByTag
2020-09-30 15:29:14.6243||INFO|MyAppApi.Program|Intializing application... |url: |action: 
2020-09-30 15:50:42.0108||INFO|MyAppApi.Program|Intializing application... |url: |action: 
2020-09-30 15:51:36.1943||INFO|MyAppApi.Program|Intializing application... |url: |action: 
2020-09-30 15:52:51.0615||INFO|MyAppApi.Program|Intializing application... |url: |action: 
2020-09-30 15:52:51.7671||FATAL|Microsoft.AspNetCore.Server.Kestrel|Unable to start Kestrel. System.IO.IOException: Failed to bind to address https://127.0.0.1:5101: address already in use.
 ---> Microsoft.AspNetCore.Connections.AddressInUseException: Only one usage of each socket address (protocol/network address/port) is normally permitted.
 ---> System.Net.Sockets.SocketException (10048): Only one usage of each socket address (protocol/network address/port) is normally permitted.
   at System.Net.Sockets.Socket.UpdateStatusAfterSocketErrorAndThrowException(SocketError error, String callerName)
   at System.Net.Sockets.Socket.DoBind(EndPoint endPointSnapshot, SocketAddress socketAddress)
   at System.Net.Sockets.Socket.Bind(EndPoint localEP)
   at Microsoft.AspNetCore.Server.Kestrel.Transport.Sockets.SocketConnectionListener.Bind()
   --- End of inner exception stack trace ---
   at Microsoft.AspNetCore.Server.Kestrel.Transport.Sockets.SocketConnectionListener.Bind()
   at Microsoft.AspNetCore.Server.Kestrel.Transport.Sockets.SocketTransportFactory.BindAsync(EndPoint endpoint, CancellationToken cancellationToken)
   at Microsoft.AspNetCore.Server.Kestrel.Core.KestrelServer.<>c__DisplayClass21_0`1.<<StartAsync>g__OnBind|0>d.MoveNext()
--- End of stack trace from previous location where exception was thrown ---
   at Microsoft.AspNetCore.Server.Kestrel.Core.Internal.AddressBinder.BindEndpointAsync(ListenOptions endpoint, AddressBindContext context)
   --- End of inner exception stack trace ---
   at Microsoft.AspNetCore.Server.Kestrel.Core.Internal.AddressBinder.BindEndpointAsync(ListenOptions endpoint, AddressBindContext context)
   at Microsoft.AspNetCore.Server.Kestrel.Core.LocalhostListenOptions.BindAsync(AddressBindContext context)
   at Microsoft.AspNetCore.Server.Kestrel.Core.Internal.AddressBinder.AddressesStrategy.BindAsync(AddressBindContext context)
   at Microsoft.AspNetCore.Server.Kestrel.Core.Internal.AddressBinder.BindAsync(IServerAddressesFeature addresses, KestrelServerOptions serverOptions, ILogger logger, Func`2 createBinding)
   at Microsoft.AspNetCore.Server.Kestrel.Core.KestrelServer.StartAsync[TContext](IHttpApplication`1 application, CancellationToken cancellationToken)|url: |action: 
2020-09-30 15:52:51.8030||ERROR|MyAppApi.Program|The application has stopped because of an exception. System.IO.IOException: Failed to bind to address https://127.0.0.1:5101: address already in use.
 ---> Microsoft.AspNetCore.Connections.AddressInUseException: Only one usage of each socket address (protocol/network address/port) is normally permitted.
 ---> System.Net.Sockets.SocketException (10048): Only one usage of each socket address (protocol/network address/port) is normally permitted.
   at System.Net.Sockets.Socket.UpdateStatusAfterSocketErrorAndThrowException(SocketError error, String callerName)
   at System.Net.Sockets.Socket.DoBind(EndPoint endPointSnapshot, SocketAddress socketAddress)
   at System.Net.Sockets.Socket.Bind(EndPoint localEP)
   at Microsoft.AspNetCore.Server.Kestrel.Transport.Sockets.SocketConnectionListener.Bind()
   --- End of inner exception stack trace ---
   at Microsoft.AspNetCore.Server.Kestrel.Transport.Sockets.SocketConnectionListener.Bind()
   at Microsoft.AspNetCore.Server.Kestrel.Transport.Sockets.SocketTransportFactory.BindAsync(EndPoint endpoint, CancellationToken cancellationToken)
   at Microsoft.AspNetCore.Server.Kestrel.Core.KestrelServer.<>c__DisplayClass21_0`1.<<StartAsync>g__OnBind|0>d.MoveNext()
--- End of stack trace from previous location where exception was thrown ---
   at Microsoft.AspNetCore.Server.Kestrel.Core.Internal.AddressBinder.BindEndpointAsync(ListenOptions endpoint, AddressBindContext context)
   --- End of inner exception stack trace ---
   at Microsoft.AspNetCore.Server.Kestrel.Core.Internal.AddressBinder.BindEndpointAsync(ListenOptions endpoint, AddressBindContext context)
   at Microsoft.AspNetCore.Server.Kestrel.Core.LocalhostListenOptions.BindAsync(AddressBindContext context)
   at Microsoft.AspNetCore.Server.Kestrel.Core.Internal.AddressBinder.AddressesStrategy.BindAsync(AddressBindContext context)
   at Microsoft.AspNetCore.Server.Kestrel.Core.Internal.AddressBinder.BindAsync(IServerAddressesFeature addresses, KestrelServerOptions serverOptions, ILogger logger, Func`2 createBinding)
   at Microsoft.AspNetCore.Server.Kestrel.Core.KestrelServer.StartAsync[TContext](IHttpApplication`1 application, CancellationToken cancellationToken)
   at Microsoft.AspNetCore.Hosting.GenericWebHostService.StartAsync(CancellationToken cancellationToken)
   at Microsoft.Extensions.Hosting.Internal.Host.StartAsync(CancellationToken cancellationToken)
   at Microsoft.Extensions.Hosting.HostingAbstractionsHostExtensions.RunAsync(IHost host, CancellationToken token)
   at Microsoft.Extensions.Hosting.HostingAbstractionsHostExtensions.RunAsync(IHost host, CancellationToken token)
   at Microsoft.Extensions.Hosting.HostingAbstractionsHostExtensions.Run(IHost host)
   at MyAppApi.Program.Main(String[] args) in C:\Code\Projects\MyAppAPI\Program.cs:line 23|url: |action: 
2020-09-30 15:53:41.6661||INFO|MyAppApi.Program|Intializing application... |url: |action: 
2020-09-30 15:54:42.9019||INFO|MyAppApi.Program|Intializing application... |url: |action: 
2020-09-30 15:56:30.6490||INFO|MyAppApi.Program|Intializing application... |url: |action: 
2020-09-30 15:58:47.2131||INFO|MyAppApi.Program|Intializing application... |url: |action: 
2020-09-30 16:04:11.1571||INFO|MyAppApi.Program|Intializing application... |url: |action: 
2020-09-30 16:04:13.9198||ERROR|MyAppAPI.Controller.AppController|Unable to get a gallery card with this tag. |url: http://localhost/api/content/tag|action: GetGalleryByTag
2020-09-30 16:04:27.1975||INFO|MyAppApi.Program|Intializing application... |url: |action: 
2020-09-30 16:04:27.9088||FATAL|Microsoft.AspNetCore.Server.Kestrel|Unable to start Kestrel. System.IO.IOException: Failed to bind to address https://127.0.0.1:5101: address already in use.
 ---> Microsoft.AspNetCore.Connections.AddressInUseException: Only one usage of each socket address (protocol/network address/port) is normally permitted.
 ---> System.Net.Sockets.SocketException (10048): Only one usage of each socket address (protocol/network address/port) is normally permitted.
   at System.Net.Sockets.Socket.UpdateStatusAfterSocketErrorAndThrowException(SocketError error, String callerName)
   at System.Net.Sockets.Socket.DoBind(EndPoint endPointSnapshot, SocketAddress socketAddress)
   at System.Net.Sockets.Socket.Bind(EndPoint localEP)
   at Microsoft.AspNetCore.Server.Kestrel.Transport.Sockets.SocketConnectionListener.Bind()
   --- End of inner exception stack trace ---
   at Microsoft.AspNetCore.Server.Kestrel.Transport.Sockets.SocketConnectionListener.Bind()
   at Microsoft.AspNetCore.Server.Kestrel.Transport.Sockets.SocketTransportFactory.BindAsync(EndPoint endpoint, CancellationToken cancellationToken)
   at Microsoft.AspNetCore.Server.Kestrel.Core.KestrelServer.<>c__DisplayClass21_0`1.<<StartAsync>g__OnBind|0>d.MoveNext()
--- End of stack trace from previous location where exception was thrown ---
   at Microsoft.AspNetCore.Server.Kestrel.Core.Internal.AddressBinder.BindEndpointAsync(ListenOptions endpoint, AddressBindContext context)
   --- End of inner exception stack trace ---
   at Microsoft.AspNetCore.Server.Kestrel.Core.Internal.AddressBinder.BindEndpointAsync(ListenOptions endpoint, AddressBindContext context)
   at Microsoft.AspNetCore.Server.Kestrel.Core.LocalhostListenOptions.BindAsync(AddressBindContext context)
   at Microsoft.AspNetCore.Server.Kestrel.Core.Internal.AddressBinder.AddressesStrategy.BindAsync(AddressBindContext context)
   at Microsoft.AspNetCore.Server.Kestrel.Core.Internal.AddressBinder.BindAsync(IServerAddressesFeature addresses, KestrelServerOptions serverOptions, ILogger logger, Func`2 createBinding)
   at Microsoft.AspNetCore.Server.Kestrel.Core.KestrelServer.StartAsync[TContext](IHttpApplication`1 application, CancellationToken cancellationToken)|url: |action: 
2020-09-30 16:04:27.9425||ERROR|MyAppApi.Program|The application has stopped because of an exception. System.IO.IOException: Failed to bind to address https://127.0.0.1:5101: address already in use.
 ---> Microsoft.AspNetCore.Connections.AddressInUseException: Only one usage of each socket address (protocol/network address/port) is normally permitted.
 ---> System.Net.Sockets.SocketException (10048): Only one usage of each socket address (protocol/network address/port) is normally permitted.
   at System.Net.Sockets.Socket.UpdateStatusAfterSocketErrorAndThrowException(SocketError error, String callerName)
   at System.Net.Sockets.Socket.DoBind(EndPoint endPointSnapshot, SocketAddress socketAddress)
   at System.Net.Sockets.Socket.Bind(EndPoint localEP)
   at Microsoft.AspNetCore.Server.Kestrel.Transport.Sockets.SocketConnectionListener.Bind()
   --- End of inner exception stack trace ---
   at Microsoft.AspNetCore.Server.Kestrel.Transport.Sockets.SocketConnectionListener.Bind()
   at Microsoft.AspNetCore.Server.Kestrel.Transport.Sockets.SocketTransportFactory.BindAsync(EndPoint endpoint, CancellationToken cancellationToken)
   at Microsoft.AspNetCore.Server.Kestrel.Core.KestrelServer.<>c__DisplayClass21_0`1.<<StartAsync>g__OnBind|0>d.MoveNext()
--- End of stack trace from previous location where exception was thrown ---
   at Microsoft.AspNetCore.Server.Kestrel.Core.Internal.AddressBinder.BindEndpointAsync(ListenOptions endpoint, AddressBindContext context)
   --- End of inner exception stack trace ---
   at Microsoft.AspNetCore.Server.Kestrel.Core.Internal.AddressBinder.BindEndpointAsync(ListenOptions endpoint, AddressBindContext context)
   at Microsoft.AspNetCore.Server.Kestrel.Core.LocalhostListenOptions.BindAsync(AddressBindContext context)
   at Microsoft.AspNetCore.Server.Kestrel.Core.Internal.AddressBinder.AddressesStrategy.BindAsync(AddressBindContext context)
   at Microsoft.AspNetCore.Server.Kestrel.Core.Internal.AddressBinder.BindAsync(IServerAddressesFeature addresses, KestrelServerOptions serverOptions, ILogger logger, Func`2 createBinding)
   at Microsoft.AspNetCore.Server.Kestrel.Core.KestrelServer.StartAsync[TContext](IHttpApplication`1 application, CancellationToken cancellationToken)
   at Microsoft.AspNetCore.Hosting.GenericWebHostService.StartAsync(CancellationToken cancellationToken)
   at Microsoft.Extensions.Hosting.Internal.Host.StartAsync(CancellationToken cancellationToken)
   at Microsoft.Extensions.Hosting.HostingAbstractionsHostExtensions.RunAsync(IHost host, CancellationToken token)
   at Microsoft.Extensions.Hosting.HostingAbstractionsHostExtensions.RunAsync(IHost host, CancellationToken token)
   at Microsoft.Extensions.Hosting.HostingAbstractionsHostExtensions.Run(IHost host)
   at MyAppApi.Program.Main(String[] args) in C:\Code\Projects\MyAppAPI\Program.cs:line 23|url: |action: 
2020-09-30 16:04:51.0099||INFO|MyAppApi.Program|Intializing application... |url: |action: 
2020-09-30 16:06:51.0755||INFO|MyAppApi.Program|Intializing application... |url: |action: 
2020-09-30 16:07:27.8203||INFO|MyAppApi.Program|Intializing application... |url: |action: 
2020-09-30 16:12:50.1602||ERROR|MyAppAPI.Controller.AppController|Unable to get a gallery card with this tag. |url: http://localhost/api/content/tag|action: GetGalleryByTag
2020-09-30 16:14:19.7928||INFO|MyAppApi.Program|Intializing application... |url: |action: 
2020-09-30 16:14:21.1781||ERROR|MyAppAPI.Controller.AppController|Unable to get a gallery card with this tag. |url: http://localhost/api/content/tag|action: GetGalleryByTag
2020-09-30 16:15:11.6148||INFO|MyAppApi.Program|Intializing application... |url: |action: 
2020-09-30 16:15:15.8966||INFO|MyAppApi.Program|Intializing application... |url: |action: 
2020-09-30 16:15:31.9844||INFO|MyAppApi.Program|Intializing application... |url: |action: 
2020-09-30 16:15:33.1686||ERROR|MyAppAPI.Controller.AppController|Unable to get a gallery card with this tag. |url: http://localhost/api/content/tag|action: GetGalleryByTag
2020-09-30 16:15:45.6106||INFO|MyAppApi.Program|Intializing application... |url: |action: 
2020-09-30 16:16:03.8223||INFO|MyAppApi.Program|Intializing application... |url: |action: 
2020-09-30 16:16:07.7136||INFO|MyAppApi.Program|Intializing application... |url: |action: 
2020-09-30 16:16:44.3663||INFO|MyAppApi.Program|Intializing application... |url: |action: 
2020-09-30 16:16:56.4344||INFO|MyAppApi.Program|Intializing application... |url: |action: 
2020-09-30 16:17:01.6201||INFO|MyAppApi.Program|Intializing application... |url: |action: 
2020-09-30 16:17:05.6452||INFO|MyAppApi.Program|Intializing application... |url: |action: 
2020-09-30 16:38:58.9851||INFO|MyAppApi.Program|Intializing application... |url: |action: 
2020-09-30 16:38:59.7511||ERROR|MyAppAPI.Controller.AppController|Unable to get a gallery card with this tag. |url: http://localhost/api/content/tag|action: GetGalleryByTag
2020-09-30 16:39:28.9435||ERROR|MyAppAPI.Controller.AppController|Unable to get a gallery card with this tag. |url: http://localhost/api/content/tag|action: GetGalleryByTag
2020-09-30 16:40:20.4184||INFO|MyAppApi.Program|Intializing application... |url: |action: 
2020-09-30 16:40:21.1926||FATAL|Microsoft.AspNetCore.Server.Kestrel|Unable to start Kestrel. System.IO.IOException: Failed to bind to address https://127.0.0.1:5101: address already in use.
 ---> Microsoft.AspNetCore.Connections.AddressInUseException: Only one usage of each socket address (protocol/network address/port) is normally permitted.
 ---> System.Net.Sockets.SocketException (10048): Only one usage of each socket address (protocol/network address/port) is normally permitted.
   at System.Net.Sockets.Socket.UpdateStatusAfterSocketErrorAndThrowException(SocketError error, String callerName)
   at System.Net.Sockets.Socket.DoBind(EndPoint endPointSnapshot, SocketAddress socketAddress)
   at System.Net.Sockets.Socket.Bind(EndPoint localEP)
   at Microsoft.AspNetCore.Server.Kestrel.Transport.Sockets.SocketConnectionListener.Bind()
   --- End of inner exception stack trace ---
   at Microsoft.AspNetCore.Server.Kestrel.Transport.Sockets.SocketConnectionListener.Bind()
   at Microsoft.AspNetCore.Server.Kestrel.Transport.Sockets.SocketTransportFactory.BindAsync(EndPoint endpoint, CancellationToken cancellationToken)
   at Microsoft.AspNetCore.Server.Kestrel.Core.KestrelServer.<>c__DisplayClass21_0`1.<<StartAsync>g__OnBind|0>d.MoveNext()
--- End of stack trace from previous location where exception was thrown ---
   at Microsoft.AspNetCore.Server.Kestrel.Core.Internal.AddressBinder.BindEndpointAsync(ListenOptions endpoint, AddressBindContext context)
   --- End of inner exception stack trace ---
   at Microsoft.AspNetCore.Server.Kestrel.Core.Internal.AddressBinder.BindEndpointAsync(ListenOptions endpoint, AddressBindContext context)
   at Microsoft.AspNetCore.Server.Kestrel.Core.LocalhostListenOptions.BindAsync(AddressBindContext context)
   at Microsoft.AspNetCore.Server.Kestrel.Core.Internal.AddressBinder.AddressesStrategy.BindAsync(AddressBindContext context)
   at Microsoft.AspNetCore.Server.Kestrel.Core.Internal.AddressBinder.BindAsync(IServerAddressesFeature addresses, KestrelServerOptions serverOptions, ILogger logger, Func`2 createBinding)
   at Microsoft.AspNetCore.Server.Kestrel.Core.KestrelServer.StartAsync[TContext](IHttpApplication`1 application, CancellationToken cancellationToken)|url: |action: 
2020-09-30 16:40:21.2267||ERROR|MyAppApi.Program|The application has stopped because of an exception. System.IO.IOException: Failed to bind to address https://127.0.0.1:5101: address already in use.
 ---> Microsoft.AspNetCore.Connections.AddressInUseException: Only one usage of each socket address (protocol/network address/port) is normally permitted.
 ---> System.Net.Sockets.SocketException (10048): Only one usage of each socket address (protocol/network address/port) is normally permitted.
   at System.Net.Sockets.Socket.UpdateStatusAfterSocketErrorAndThrowException(SocketError error, String callerName)
   at System.Net.Sockets.Socket.DoBind(EndPoint endPointSnapshot, SocketAddress socketAddress)
   at System.Net.Sockets.Socket.Bind(EndPoint localEP)
   at Microsoft.AspNetCore.Server.Kestrel.Transport.Sockets.SocketConnectionListener.Bind()
   --- End of inner exception stack trace ---
   at Microsoft.AspNetCore.Server.Kestrel.Transport.Sockets.SocketConnectionListener.Bind()
   at Microsoft.AspNetCore.Server.Kestrel.Transport.Sockets.SocketTransportFactory.BindAsync(EndPoint endpoint, CancellationToken cancellationToken)
   at Microsoft.AspNetCore.Server.Kestrel.Core.KestrelServer.<>c__DisplayClass21_0`1.<<StartAsync>g__OnBind|0>d.MoveNext()
--- End of stack trace from previous location where exception was thrown ---
   at Microsoft.AspNetCore.Server.Kestrel.Core.Internal.AddressBinder.BindEndpointAsync(ListenOptions endpoint, AddressBindContext context)
   --- End of inner exception stack trace ---
   at Microsoft.AspNetCore.Server.Kestrel.Core.Internal.AddressBinder.BindEndpointAsync(ListenOptions endpoint, AddressBindContext context)
   at Microsoft.AspNetCore.Server.Kestrel.Core.LocalhostListenOptions.BindAsync(AddressBindContext context)
   at Microsoft.AspNetCore.Server.Kestrel.Core.Internal.AddressBinder.AddressesStrategy.BindAsync(AddressBindContext context)
   at Microsoft.AspNetCore.Server.Kestrel.Core.Internal.AddressBinder.BindAsync(IServerAddressesFeature addresses, KestrelServerOptions serverOptions, ILogger logger, Func`2 createBinding)
   at Microsoft.AspNetCore.Server.Kestrel.Core.KestrelServer.StartAsync[TContext](IHttpApplication`1 application, CancellationToken cancellationToken)
   at Microsoft.AspNetCore.Hosting.GenericWebHostService.StartAsync(CancellationToken cancellationToken)
   at Microsoft.Extensions.Hosting.Internal.Host.StartAsync(CancellationToken cancellationToken)
   at Microsoft.Extensions.Hosting.HostingAbstractionsHostExtensions.RunAsync(IHost host, CancellationToken token)
   at Microsoft.Extensions.Hosting.HostingAbstractionsHostExtensions.RunAsync(IHost host, CancellationToken token)
   at Microsoft.Extensions.Hosting.HostingAbstractionsHostExtensions.Run(IHost host)
   at MyAppApi.Program.Main(String[] args) in C:\Code\Projects\MyAppAPI\Program.cs:line 23|url: |action: 
2020-09-30 16:40:46.8221||INFO|MyAppApi.Program|Intializing application... |url: |action: 
2020-09-30 16:40:53.9566||ERROR|MyAppAPI.Controller.AppController|Unable to get a gallery card with this tag. |url: http://localhost/api/content/tag|action: GetGalleryByTag
2020-09-30 16:41:32.8786||INFO|MyAppApi.Program|Intializing application... |url: |action: 
2020-09-30 16:42:28.4401||INFO|MyAppApi.Program|Intializing application... |url: |action: 
2020-09-30 16:45:02.5757||INFO|MyAppApi.Program|Intializing application... |url: |action: 
2020-09-30 16:58:35.7762||INFO|MyAppApi.Program|Intializing application... |url: |action: 
2020-09-30 16:58:47.8392||INFO|MyAppApi.Program|Intializing application... |url: |action: 
2020-09-30 16:59:31.0854||INFO|MyAppApi.Program|Intializing application... |url: |action: 
2020-09-30 16:59:43.5937||INFO|MyAppApi.Program|Intializing application... |url: |action: 
2020-09-30 16:59:54.2077||INFO|MyAppApi.Program|Intializing application... |url: |action: 
2020-09-30 17:00:01.2921||INFO|MyAppApi.Program|Intializing application... |url: |action: 
2020-09-30 17:00:05.2902||INFO|MyAppApi.Program|Intializing application... |url: |action: 
2020-09-30 17:00:10.0560||INFO|MyAppApi.Program|Intializing application... |url: |action: 
2020-09-30 17:00:30.8473||INFO|MyAppApi.Program|Intializing application... |url: |action: 
2020-09-30 17:00:44.2443||INFO|MyAppApi.Program|Intializing application... |url: |action: 
2020-09-30 17:01:12.1126||INFO|MyAppApi.Program|Intializing application... |url: |action: 
2020-09-30 17:01:18.4913||INFO|MyAppApi.Program|Intializing application... |url: |action: 
2020-09-30 17:01:21.9018||INFO|MyAppApi.Program|Intializing application... |url: |action: 
2020-09-30 17:04:04.6262||INFO|MyAppApi.Program|Intializing application... |url: |action: 
2020-09-30 17:04:15.6711||INFO|MyAppApi.Program|Intializing application... |url: |action: 
2020-09-30 17:05:20.9441||INFO|MyAppApi.Program|Intializing application... |url: |action: 
2020-09-30 17:07:38.3363||INFO|MyAppApi.Program|Intializing application... |url: |action: 
2020-09-30 17:08:03.1853||INFO|MyAppApi.Program|Intializing application... |url: |action: 
